AH00558: httpd: Could not reliably determine the server's fully qualified domain name, using 127.0.1.1. Set the 'ServerName' directive globally to suppress this message
[Thu Nov 10 09:42:20.814855 2022] [mpm_event:notice] [pid 132965:tid 139973640438528] AH00489: Apache/2.4.43 (Unix) configured -- resuming normal operations
[Thu Nov 10 09:42:20.815010 2022] [core:notice] [pid 132965:tid 139973640438528] AH00094: Command line: '/home/user/.config/Local/lightning-services/apache-2.4.43+8/bin/linux/bin/httpd -D FOREGROUND -f /home/user/.config/Local/run/RwQfKSFB0/conf/apache/apache2.conf'
[Thu Nov 10 09:56:29.941775 2022] [mpm_event:notice] [pid 132965:tid 139973640438528] AH00491: caught SIGTERM, shutting down
AH00558: httpd: Could not reliably determine the server's fully qualified domain name, using 127.0.1.1. Set the 'ServerName' directive globally to suppress this message
[Thu Nov 10 09:56:43.711978 2022] [mpm_event:notice] [pid 135431:tid 139654687855360] AH00489: Apache/2.4.43 (Unix) configured -- resuming normal operations
[Thu Nov 10 09:56:43.712133 2022] [core:notice] [pid 135431:tid 139654687855360] AH00094: Command line: '/home/user/.config/Local/lightning-services/apache-2.4.43+8/bin/linux/bin/httpd -D FOREGROUND -f /home/user/.config/Local/run/RwQfKSFB0/conf/apache/apache2.conf'
[Fri Nov 11 08:09:53.318946 2022] [mpm_event:notice] [pid 135431:tid 139654687855360] AH00491: caught SIGTERM, shutting down
AH00558: httpd: Could not reliably determine the server's fully qualified domain name, using 127.0.1.1. Set the 'ServerName' directive globally to suppress this message
[Mon Nov 14 09:46:51.926801 2022] [mpm_event:notice] [pid 293368:tid 140596905468672] AH00489: Apache/2.4.43 (Unix) configured -- resuming normal operations
[Mon Nov 14 09:46:51.926970 2022] [core:notice] [pid 293368:tid 140596905468672] AH00094: Command line: '/home/user/.config/Local/lightning-services/apache-2.4.43+8/bin/linux/bin/httpd -D FOREGROUND -f /home/user/.config/Local/run/RwQfKSFB0/conf/apache/apache2.conf'
[Tue Nov 15 15:42:18.665649 2022] [mpm_event:notice] [pid 293368:tid 140596905468672] AH00491: caught SIGTERM, shutting down
AH00558: httpd: Could not reliably determine the server's fully qualified domain name, using 127.0.1.1. Set the 'ServerName' directive globally to suppress this message
[Wed Nov 16 10:05:55.172941 2022] [mpm_event:notice] [pid 1200677:tid 140313681236736] AH00489: Apache/2.4.43 (Unix) configured -- resuming normal operations
[Wed Nov 16 10:05:55.173167 2022] [core:notice] [pid 1200677:tid 140313681236736] AH00094: Command line: '/home/user/.config/Local/lightning-services/apache-2.4.43+8/bin/linux/bin/httpd -D FOREGROUND -f /home/user/.config/Local/run/RwQfKSFB0/conf/apache/apache2.conf'
[Thu Nov 17 08:38:34.740099 2022] [core:warn] [pid 1200677:tid 140313681236736] AH00045: child process 1200686 still did not exit, sending a SIGTERM
AH00558: httpd: Could not reliably determine the server's fully qualified domain name, using 127.0.1.1. Set the 'ServerName' directive globally to suppress this message
[Thu Nov 17 09:43:58.435803 2022] [core:warn] [pid 8084:tid 139744979710720] AH00098: pid file /home/user/.config/Local/run/RwQfKSFB0/apache/logs/httpd.pid overwritten -- Unclean shutdown of previous Apache run?
[Thu Nov 17 09:43:58.437020 2022] [mpm_event:notice] [pid 8084:tid 139744979710720] AH00489: Apache/2.4.43 (Unix) configured -- resuming normal operations
[Thu Nov 17 09:43:58.437054 2022] [core:notice] [pid 8084:tid 139744979710720] AH00094: Command line: '/home/user/.config/Local/lightning-services/apache-2.4.43+8/bin/linux/bin/httpd -D FOREGROUND -f /home/user/.config/Local/run/RwQfKSFB0/conf/apache/apache2.conf'
[Mon Nov 21 10:33:14.398794 2022] [mpm_event:notice] [pid 8084:tid 139744979710720] AH00491: caught SIGTERM, shutting down
AH00558: httpd: Could not reliably determine the server's fully qualified domain name, using 127.0.1.1. Set the 'ServerName' directive globally to suppress this message
[Mon Nov 21 10:33:59.820693 2022] [mpm_event:notice] [pid 161144:tid 140228014166784] AH00489: Apache/2.4.43 (Unix) configured -- resuming normal operations
[Mon Nov 21 10:33:59.820928 2022] [core:notice] [pid 161144:tid 140228014166784] AH00094: Command line: '/home/user/.config/Local/lightning-services/apache-2.4.43+8/bin/linux/bin/httpd -D FOREGROUND -f /home/user/.config/Local/run/RwQfKSFB0/conf/apache/apache2.conf'
